C:\USERS\HASAN\DOCUMENTS\VISUAL STUDIO 2012\PROJECTS\PROJECT1\PROJECT1\DEBUG\CAMERA.OBJ
C:\USERS\HASAN\DOCUMENTS\VISUAL STUDIO 2012\PROJECTS\PROJECT1\PROJECT1\DEBUG\MAIN.OBJ
C:\USERS\HASAN\DOCUMENTS\VISUAL STUDIO 2012\PROJECTS\PROJECT1\PROJECT1\DEBUG\TEXTURE.OBJ
C:\USERS\HASAN\DOCUMENTS\VISUAL STUDIO 2012\PROJECTS\PROJECT1\PROJECT1\DEBUG\VC110.PDB
C:\USERS\HASAN\DOCUMENTS\VISUAL STUDIO 2012\PROJECTS\PROJECT1\PROJECT1\DEBUG\UTILITY.OBJ
C:\USERS\HASAN\DOCUMENTS\VISUAL STUDIO 2012\PROJECTS\PROJECT1\DEBUG\PROJECT1.ILK
C:\USERS\HASAN\DOCUMENTS\VISUAL STUDIO 2012\PROJECTS\PROJECT1\DEBUG\PROJECT1.EXE
C:\USERS\HASAN\DOCUMENTS\VISUAL STUDIO 2012\PROJECTS\PROJECT1\DEBUG\PROJECT1.PDB
C:\Users\Hasan\Documents\Visual Studio 2012\Projects\Project1\Project1\Debug\camera.obj
C:\Users\Hasan\Documents\Visual Studio 2012\Projects\Project1\Project1\Debug\main.obj
C:\Users\Hasan\Documents\Visual Studio 2012\Projects\Project1\Project1\Debug\texture.obj
C:\Users\Hasan\Documents\Visual Studio 2012\Projects\Project1\Project1\Debug\utility.obj
C:\Users\Hasan\Documents\Visual Studio 2012\Projects\Project1\Project1\Debug\cl.command.1.tlog
C:\Users\Hasan\Documents\Visual Studio 2012\Projects\Project1\Project1\Debug\CL.read.1.tlog
C:\Users\Hasan\Documents\Visual Studio 2012\Projects\Project1\Project1\Debug\CL.write.1.tlog
C:\Users\Hasan\Documents\Visual Studio 2012\Projects\Project1\Project1\Debug\link-cvtres.read.1.tlog
C:\Users\Hasan\Documents\Visual Studio 2012\Projects\Project1\Project1\Debug\link-cvtres.write.1.tlog
C:\Users\Hasan\Documents\Visual Studio 2012\Projects\Project1\Project1\Debug\link-rc.read.1.tlog
C:\Users\Hasan\Documents\Visual Studio 2012\Projects\Project1\Project1\Debug\link-rc.write.1.tlog
C:\Users\Hasan\Documents\Visual Studio 2012\Projects\Project1\Project1\Debug\link.11752-cvtres.read.1.tlog
C:\Users\Hasan\Documents\Visual Studio 2012\Projects\Project1\Project1\Debug\link.11752-cvtres.write.1.tlog
C:\Users\Hasan\Documents\Visual Studio 2012\Projects\Project1\Project1\Debug\link.11752-rc.read.1.tlog
C:\Users\Hasan\Documents\Visual Studio 2012\Projects\Project1\Project1\Debug\link.11752-rc.write.1.tlog
C:\Users\Hasan\Documents\Visual Studio 2012\Projects\Project1\Project1\Debug\link.11752.read.1.tlog
C:\Users\Hasan\Documents\Visual Studio 2012\Projects\Project1\Project1\Debug\link.11752.write.1.tlog
C:\Users\Hasan\Documents\Visual Studio 2012\Projects\Project1\Project1\Debug\link.command.1.tlog
C:\Users\Hasan\Documents\Visual Studio 2012\Projects\Project1\Project1\Debug\link.read.1.tlog
C:\Users\Hasan\Documents\Visual Studio 2012\Projects\Project1\Project1\Debug\link.write.1.tlog
C:\Users\Hasan\Documents\Visual Studio 2012\Projects\Project1\Project1\Debug\vc110.idb
C:\Users\Hasan\Documents\Visual Studio 2012\Projects\Project1\Project1\Debug\vc110.pdb
C:\Users\Hasan\Documents\Visual Studio 2012\Projects\Project1\Debug\Project1.pdb
C:\Users\Hasan\Documents\Visual Studio 2012\Projects\Project1\Debug\Project1.exe
C:\Users\Hasan\Documents\Visual Studio 2012\Projects\Project1\Debug\Project1.ilk
