Build started 12/18/2021 4:51:56 PM.
     1>Project "C:\Users\Hasan\Documents\Visual Studio 2012\Projects\Project1\Project1\Project1.vcxproj" on node 2 (Build target(s)).
     1>ClCompile:
         C:\Program Files (x86)\Microsoft Visual Studio 11.0\VC\bin\CL.exe /c /Zi /nologo /W3 /WX- /O2 /Oi /Oy- /GL /D _MBCS /Gm- /EHsc /MD /GS /Gy /fp:precise /Zc:wchar_t /Zc:forScope /Fo"Release\\" /Fd"Release\vc110.pdb" /Gd /TP /analyze- /errorReport:prompt Default.cpp main.cpp texture.cpp
         Default.cpp
         main.cpp
         texture.cpp
       Link:
         C:\Program Files (x86)\Microsoft Visual Studio 11.0\VC\bin\link.exe /ERRORREPORT:PROMPT /OUT:"C:\Users\Hasan\Documents\Visual Studio 2012\Projects\Project1\Release\Project1.exe" /NOLOGO kernel32.lib user32.lib gdi32.lib winspool.lib comdlg32.lib advapi32.lib shell32.lib ole32.lib oleaut32.lib uuid.lib odbc32.lib odbccp32.lib /MANIFEST /MANIFESTUAC:"level='asInvoker' uiAccess='false'" /manifest:embed /DEBUG /PDB:"C:\Users\Hasan\Documents\Visual Studio 2012\Projects\Project1\Release\Project1.pdb" /OPT:REF /OPT:ICF /LTCG /TLBID:1 /DYNAMICBASE /NXCOMPAT /IMPLIB:"C:\Users\Hasan\Documents\Visual Studio 2012\Projects\Project1\Release\Project1.lib" /MACHINE:X86 /SAFESEH Release\Default.obj
         Release\main.obj
         Release\texture.obj
     1>texture.obj : error LNK2001: unresolved external symbol __imp__glTexParameterf@12
     1>texture.obj : error LNK2001: unresolved external symbol __imp__glBindTexture@8
     1>texture.obj : error LNK2001: unresolved external symbol __imp__glTexImage2D@36
     1>texture.obj : error LNK2001: unresolved external symbol __imp__glTexEnvf@12
     1>texture.obj : error LNK2001: unresolved external symbol _gluBuild2DMipmaps@28
     1>C:\Users\Hasan\Documents\Visual Studio 2012\Projects\Project1\Release\Project1.exe : fatal error LNK1120: 5 unresolved externals
     1>Done Building Project "C:\Users\Hasan\Documents\Visual Studio 2012\Projects\Project1\Project1\Project1.vcxproj" (Build target(s)) -- FAILED.

Build FAILED.

Time Elapsed 00:00:01.75
